This is pdfTeX, Version 3.1415926-2.5-1.40.14 (TeX Live 2013/Debian) (format=pdflatex 2015.10.9)  18 APR 2016 15:30
entering extended mode
 restricted \write18 enabled.
 %&-line parsing enabled.
**PR-ex2-Daudt.tex
(./PR-ex2-Daudt.tex
LaTeX2e <2011/06/27>
Babel <3.9h> and hyphenation patterns for 78 languages loaded.
(/usr/share/texlive/texmf-dist/tex/latex/base/article.cls
Document Class: article 2007/10/19 v1.4h Standard LaTeX document class
(/usr/share/texlive/texmf-dist/tex/latex/base/size10.clo
File: size10.clo 2007/10/19 v1.4h Standard LaTeX file (size option)
)
\c@part=\count79
\c@section=\count80
\c@subsection=\count81
\c@subsubsection=\count82
\c@paragraph=\count83
\c@subparagraph=\count84
\c@figure=\count85
\c@table=\count86
\abovecaptionskip=\skip41
\belowcaptionskip=\skip42
\bibindent=\dimen102
)
(/usr/share/texlive/texmf-dist/tex/latex/cite/cite.sty
LaTeX Info: Redefining \cite on input line 302.
LaTeX Info: Redefining \nocite on input line 373.
Package: cite 2010/09/10  v 5.3
)
(/usr/share/texlive/texmf-dist/tex/latex/graphics/graphicx.sty
Package: graphicx 1999/02/16 v1.0f Enhanced LaTeX Graphics (DPC,SPQR)

(/usr/share/texlive/texmf-dist/tex/latex/graphics/keyval.sty
Package: keyval 1999/03/16 v1.13 key=value parser (DPC)
\KV@toks@=\toks14
)
(/usr/share/texlive/texmf-dist/tex/latex/graphics/graphics.sty
Package: graphics 2009/02/05 v1.0o Standard LaTeX Graphics (DPC,SPQR)

(/usr/share/texlive/texmf-dist/tex/latex/graphics/trig.sty
Package: trig 1999/03/16 v1.09 sin cos tan (DPC)
)
(/usr/share/texlive/texmf-dist/tex/latex/latexconfig/graphics.cfg
File: graphics.cfg 2010/04/23 v1.9 graphics configuration of TeX Live
)
Package graphics Info: Driver file: pdftex.def on input line 91.

(/usr/share/texlive/texmf-dist/tex/latex/pdftex-def/pdftex.def
File: pdftex.def 2011/05/27 v0.06d Graphics/color for pdfTeX

(/usr/share/texlive/texmf-dist/tex/generic/oberdiek/infwarerr.sty
Package: infwarerr 2010/04/08 v1.3 Providing info/warning/error messages (HO)
)
(/usr/share/texlive/texmf-dist/tex/generic/oberdiek/ltxcmds.sty
Package: ltxcmds 2011/11/09 v1.22 LaTeX kernel commands for general use (HO)
)
\Gread@gobject=\count87
))
\Gin@req@height=\dimen103
\Gin@req@width=\dimen104
)
(/usr/share/texlive/texmf-dist/tex/latex/subfigure/subfigure.sty
Package: subfigure 2002/03/15 v2.1.5 subfigure package
\subfigtopskip=\skip43
\subfigcapskip=\skip44
\subfigcaptopadj=\dimen105
\subfigbottomskip=\skip45
\subfigcapmargin=\dimen106
\subfiglabelskip=\skip46
\c@subfigure=\count88
\c@lofdepth=\count89
\c@subtable=\count90
\c@lotdepth=\count91

****************************************
* Local config file subfigure.cfg used *
****************************************
(/usr/share/texlive/texmf-dist/tex/latex/subfigure/subfigure.cfg)
\subfig@top=\skip47
\subfig@bottom=\skip48
)
(/usr/share/texlive/texmf-dist/tex/latex/float/float.sty
Package: float 2001/11/08 v1.3d Float enhancements (AL)
\c@float@type=\count92
\float@exts=\toks15
\float@box=\box26
\@float@everytoks=\toks16
\@floatcapt=\box27
)
(/usr/share/texlive/texmf-dist/tex/latex/url/url.sty
\Urlmuskip=\muskip10
Package: url 2013/09/16  ver 3.4  Verb mode for urls, etc.
)
(/usr/share/texlive/texmf-dist/tex/latex/graphics/color.sty
Package: color 2005/11/14 v1.0j Standard LaTeX Color (DPC)

(/usr/share/texlive/texmf-dist/tex/latex/latexconfig/color.cfg
File: color.cfg 2007/01/18 v1.5 color configuration of teTeX/TeXLive
)
Package color Info: Driver file: pdftex.def on input line 130.
)
(./PR-ex2-Daudt.aux)
\openout1 = `PR-ex2-Daudt.aux'.

LaTeX Font Info:    Checking defaults for OML/cmm/m/it on input line 12.
LaTeX Font Info:    ... okay on input line 12.
LaTeX Font Info:    Checking defaults for T1/cmr/m/n on input line 12.
LaTeX Font Info:    ... okay on input line 12.
LaTeX Font Info:    Checking defaults for OT1/cmr/m/n on input line 12.
LaTeX Font Info:    ... okay on input line 12.
LaTeX Font Info:    Checking defaults for OMS/cmsy/m/n on input line 12.
LaTeX Font Info:    ... okay on input line 12.
LaTeX Font Info:    Checking defaults for OMX/cmex/m/n on input line 12.
LaTeX Font Info:    ... okay on input line 12.
LaTeX Font Info:    Checking defaults for U/cmr/m/n on input line 12.
LaTeX Font Info:    ... okay on input line 12.

(/usr/share/texlive/texmf-dist/tex/context/base/supp-pdf.mkii
[Loading MPS to PDF converter (version 2006.09.02).]
\scratchcounter=\count93
\scratchdimen=\dimen107
\scratchbox=\box28
\nofMPsegments=\count94
\nofMParguments=\count95
\everyMPshowfont=\toks17
\MPscratchCnt=\count96
\MPscratchDim=\dimen108
\MPnumerator=\count97
\makeMPintoPDFobject=\count98
\everyMPtoPDFconversion=\toks18
) (/usr/share/texlive/texmf-dist/tex/generic/oberdiek/pdftexcmds.sty
Package: pdftexcmds 2011/11/29 v0.20 Utility functions of pdfTeX for LuaTeX (HO
)

(/usr/share/texlive/texmf-dist/tex/generic/oberdiek/ifluatex.sty
Package: ifluatex 2010/03/01 v1.3 Provides the ifluatex switch (HO)
Package ifluatex Info: LuaTeX not detected.
)
(/usr/share/texlive/texmf-dist/tex/generic/oberdiek/ifpdf.sty
Package: ifpdf 2011/01/30 v2.3 Provides the ifpdf switch (HO)
Package ifpdf Info: pdfTeX in PDF mode is detected.
)
Package pdftexcmds Info: LuaTeX not detected.
Package pdftexcmds Info: \pdf@primitive is available.
Package pdftexcmds Info: \pdf@ifprimitive is available.
Package pdftexcmds Info: \pdfdraftmode found.
)
(/usr/share/texlive/texmf-dist/tex/latex/oberdiek/epstopdf-base.sty
Package: epstopdf-base 2010/02/09 v2.5 Base part for package epstopdf

(/usr/share/texlive/texmf-dist/tex/latex/oberdiek/grfext.sty
Package: grfext 2010/08/19 v1.1 Manage graphics extensions (HO)

(/usr/share/texlive/texmf-dist/tex/generic/oberdiek/kvdefinekeys.sty
Package: kvdefinekeys 2011/04/07 v1.3 Define keys (HO)
))
(/usr/share/texlive/texmf-dist/tex/latex/oberdiek/kvoptions.sty
Package: kvoptions 2011/06/30 v3.11 Key value format for package options (HO)

(/usr/share/texlive/texmf-dist/tex/generic/oberdiek/kvsetkeys.sty
Package: kvsetkeys 2012/04/25 v1.16 Key value parser (HO)

(/usr/share/texlive/texmf-dist/tex/generic/oberdiek/etexcmds.sty
Package: etexcmds 2011/02/16 v1.5 Avoid name clashes with e-TeX commands (HO)
Package etexcmds Info: Could not find \expanded.
(etexcmds)             That can mean that you are not using pdfTeX 1.50 or
(etexcmds)             that some package has redefined \expanded.
(etexcmds)             In the latter case, load this package earlier.
)))
Package grfext Info: Graphics extension search list:
(grfext)             [.png,.pdf,.jpg,.mps,.jpeg,.jbig2,.jb2,.PNG,.PDF,.JPG,.JPE
G,.JBIG2,.JB2,.eps]
(grfext)             \AppendGraphicsExtensions on input line 452.

(/usr/share/texlive/texmf-dist/tex/latex/latexconfig/epstopdf-sys.cfg
File: epstopdf-sys.cfg 2010/07/13 v1.3 Configuration of (r)epstopdf for TeX Liv
e
))
LaTeX Font Info:    External font `cmex10' loaded for size
(Font)              <12> on input line 26.
LaTeX Font Info:    External font `cmex10' loaded for size
(Font)              <8> on input line 26.
LaTeX Font Info:    External font `cmex10' loaded for size
(Font)              <6> on input line 26.
LaTeX Font Info:    External font `cmex10' loaded for size
(Font)              <7> on input line 37.
LaTeX Font Info:    External font `cmex10' loaded for size
(Font)              <5> on input line 37.
Package epstopdf Info: Source file: <figures/t0.eps>
(epstopdf)                    date: 2016-04-18 15:22:43
(epstopdf)                    size: 33961 bytes
(epstopdf)             Output file: <figures/t0-eps-converted-to.pdf>
(epstopdf)                    date: 2016-04-18 15:29:07
(epstopdf)                    size: 10101 bytes
(epstopdf)             Command: <repstopdf --outfile=figures/t0-eps-converted-t
o.pdf figures/t0.eps>
(epstopdf)             \includegraphics on input line 57.
Package epstopdf Info: Output file is already uptodate.

<figures/t0-eps-converted-to.pdf, id=1, 421.575pt x 316.18124pt>
File: figures/t0-eps-converted-to.pdf Graphic file (type pdf)

<use figures/t0-eps-converted-to.pdf>
Package pdftex.def Info: figures/t0-eps-converted-to.pdf used on input line 57.

(pdftex.def)             Requested size: 276.00105pt x 207.00615pt.
 [1

{/var/lib/texmf/fonts/map/pdftex/updmap/pdftex.map}]
Package epstopdf Info: Source file: <figures/t1.eps>
(epstopdf)                    date: 2016-04-18 15:23:50
(epstopdf)                    size: 74138 bytes
(epstopdf)             Output file: <figures/t1-eps-converted-to.pdf>
(epstopdf)                    date: 2016-04-18 15:30:31
(epstopdf)                    size: 11563 bytes
(epstopdf)             Command: <repstopdf --outfile=figures/t1-eps-converted-t
o.pdf figures/t1.eps>
(epstopdf)             \includegraphics on input line 69.
Package epstopdf Info: Output file is already uptodate.

<figures/t1-eps-converted-to.pdf, id=15, 421.575pt x 316.18124pt>
File: figures/t1-eps-converted-to.pdf Graphic file (type pdf)

<use figures/t1-eps-converted-to.pdf>
Package pdftex.def Info: figures/t1-eps-converted-to.pdf used on input line 69.

(pdftex.def)             Requested size: 276.00105pt x 207.00615pt.

Overfull \hbox (2.73909pt too wide) in paragraph at lines 77--78
\OT1/cmr/m/n/10 All par-ti-cles uni-formly dis-tributed along a line par-al-lel
 to $\OML/cmm/m/it/10 beacon[]$ \OT1/cmr/m/n/10 axis, $\OML/cmm/m/it/10 beacon[
] \OT1/cmr/m/n/10 =
 []

[2 <./figures/t0-eps-converted-to.pdf> <./figures/t1-eps-converted-to.pdf>]
Package epstopdf Info: Source file: <figures/t2.eps>
(epstopdf)                    date: 2016-04-18 15:24:04
(epstopdf)                    size: 74502 bytes
(epstopdf)             Output file: <figures/t2-eps-converted-to.pdf>
(epstopdf)                    date: 2016-04-18 15:30:32
(epstopdf)                    size: 11847 bytes
(epstopdf)             Command: <repstopdf --outfile=figures/t2-eps-converted-t
o.pdf figures/t2.eps>
(epstopdf)             \includegraphics on input line 82.
Package epstopdf Info: Output file is already uptodate.

<figures/t2-eps-converted-to.pdf, id=35, 421.575pt x 316.18124pt>
File: figures/t2-eps-converted-to.pdf Graphic file (type pdf)

<use figures/t2-eps-converted-to.pdf>
Package pdftex.def Info: figures/t2-eps-converted-to.pdf used on input line 82.

(pdftex.def)             Requested size: 276.00105pt x 207.00615pt.
Package epstopdf Info: Source file: <figures/t3.eps>
(epstopdf)                    date: 2016-04-18 15:24:17
(epstopdf)                    size: 74450 bytes
(epstopdf)             Output file: <figures/t3-eps-converted-to.pdf>
(epstopdf)                    date: 2016-04-18 15:30:32
(epstopdf)                    size: 11728 bytes
(epstopdf)             Command: <repstopdf --outfile=figures/t3-eps-converted-t
o.pdf figures/t3.eps>
(epstopdf)             \includegraphics on input line 95.
Package epstopdf Info: Output file is already uptodate.

<figures/t3-eps-converted-to.pdf, id=36, 421.575pt x 316.18124pt>
File: figures/t3-eps-converted-to.pdf Graphic file (type pdf)

<use figures/t3-eps-converted-to.pdf>
Package pdftex.def Info: figures/t3-eps-converted-to.pdf used on input line 95.

(pdftex.def)             Requested size: 276.00105pt x 207.00615pt.
 [3 <./figures/t2-eps-converted-to.pdf>]
Package epstopdf Info: Source file: <figures/t4.eps>
(epstopdf)                    date: 2016-04-18 15:24:29
(epstopdf)                    size: 74763 bytes
(epstopdf)             Output file: <figures/t4-eps-converted-to.pdf>
(epstopdf)                    date: 2016-04-18 15:30:33
(epstopdf)                    size: 11378 bytes
(epstopdf)             Command: <repstopdf --outfile=figures/t4-eps-converted-t
o.pdf figures/t4.eps>
(epstopdf)             \includegraphics on input line 109.
Package epstopdf Info: Output file is already uptodate.

<figures/t4-eps-converted-to.pdf, id=48, 421.575pt x 316.18124pt>
File: figures/t4-eps-converted-to.pdf Graphic file (type pdf)

<use figures/t4-eps-converted-to.pdf>
Package pdftex.def Info: figures/t4-eps-converted-to.pdf used on input line 109
.
(pdftex.def)             Requested size: 276.00105pt x 207.00615pt.
 [4 <./figures/t3-eps-converted-to.pdf> <./figures/t4-eps-converted-to.pdf>] (.
/PR-ex2-Daudt.aux) ) 
Here is how much of TeX's memory you used:
 1950 strings out of 493304
 27765 string characters out of 6139871
 85504 words of memory out of 5000000
 5392 multiletter control sequences out of 15000+600000
 7587 words of font info for 27 fonts, out of 8000000 for 9000
 957 hyphenation exceptions out of 8191
 38i,6n,24p,512b,226s stack positions out of 5000i,500n,10000p,200000b,80000s
</usr/share/texlive/texmf-dist/fonts/type1/public/amsfonts/
cm/cmbx12.pfb></usr/share/texlive/texmf-dist/fonts/type1/public/amsfonts/cm/cmm
i10.pfb></usr/share/texlive/texmf-dist/fonts/type1/public/amsfonts/cm/cmmi12.pf
b></usr/share/texlive/texmf-dist/fonts/type1/public/amsfonts/cm/cmr10.pfb></usr
/share/texlive/texmf-dist/fonts/type1/public/amsfonts/cm/cmr12.pfb></usr/share/
texlive/texmf-dist/fonts/type1/public/amsfonts/cm/cmr17.pfb></usr/share/texlive
/texmf-dist/fonts/type1/public/amsfonts/cm/cmr7.pfb></usr/share/texlive/texmf-d
ist/fonts/type1/public/amsfonts/cm/cmr8.pfb>
Output written on PR-ex2-Daudt.pdf (4 pages, 126100 bytes).
PDF statistics:
 94 PDF objects out of 1000 (max. 8388607)
 64 compressed objects within 1 object stream
 0 named destinations out of 1000 (max. 500000)
 26 words of extra memory for PDF output out of 10000 (max. 10000000)

